acom -O3 -e 100 -work FMIPS -2002  $dsn/src/CacheInstrucoes_FD.vhd $dsn/src/CacheInstrucoes_TB.vhd $dsn/src/MemoriaPrincipal.vhd $dsn/src/MemoriaPrincipal_TB.vhd $dsn/src/CacheInstrucoes_UC.vhd $dsn/src/CacheInstrucoes.vhd $dsn/src/CacheDados_FD.vhd $dsn/src/CacheDados_TB.vhd $dsn/src/CacheDados_UC.vhd $dsn/src/WriteBuffer.vhd
# Warning: DAGGEN_0523: The source is compiled without the -dbg switch. Line breakpoints and assertion debug will not be available.
# File: C:\Users\gabri\OneDrive\Documentos\GitHub\FMIPS\FMIPS\src\CacheInstrucoes_FD.vhd
# Compile Entity "CacheInstrucoes_FD"
# Compile Architecture "CacheInstrucoesArc" of Entity "CacheInstrucoes_FD"
# File: C:\Users\gabri\OneDrive\Documentos\GitHub\FMIPS\FMIPS\src\CacheInstrucoes_TB.vhd
# Compile Entity "CacheInstrucoes_TB"
# Compile Architecture "CacheInstrucoes_TB_arc" of Entity "CacheInstrucoes_TB"
# File: C:\Users\gabri\OneDrive\Documentos\GitHub\FMIPS\FMIPS\src\MemoriaPrincipal.vhd
# Compile Entity "MemoriaPrincipal"
# Compile Architecture "behavioral" of Entity "MemoriaPrincipal"
# File: C:\Users\gabri\OneDrive\Documentos\GitHub\FMIPS\FMIPS\src\MemoriaPrincipal_TB.vhd
# Compile Entity "MemoriaPrincipal_TB"
# Compile Architecture "MemoriaPrincipal_TB_arc" of Entity "MemoriaPrincipal_TB"
# File: C:\Users\gabri\OneDrive\Documentos\GitHub\FMIPS\FMIPS\src\CacheInstrucoes_UC.vhd
# Compile Entity "CacheInstrucoes_UC"
# Compile Architecture "CacheInstrucoes_UC_Arc" of Entity "CacheInstrucoes_UC"
# File: C:\Users\gabri\OneDrive\Documentos\GitHub\FMIPS\FMIPS\src\CacheInstrucoes.vhd
# Compile Entity "CacheInstrucoes"
# Compile Architecture "CacheInstrucoes_Arc" of Entity "CacheInstrucoes"
# File: C:\Users\gabri\OneDrive\Documentos\GitHub\FMIPS\FMIPS\src\CacheDados_FD.vhd
# Compile Entity "CacheDados_FD"
# Compile Architecture "CacheDados_FD_Arc" of Entity "CacheDados_FD"
# File: C:\Users\gabri\OneDrive\Documentos\GitHub\FMIPS\FMIPS\src\CacheDados_TB.vhd
# Compile Entity "CacheDados_TB"
# Compile Architecture "CacheDados_TB_Arc" of Entity "CacheDados_TB"
# File: C:\Users\gabri\OneDrive\Documentos\GitHub\FMIPS\FMIPS\src\CacheDados_UC.vhd
# Compile Entity "CacheDados_UC"
# Compile Architecture "CacheDados_UC_Arc" of Entity "CacheDados_UC"
# File: C:\Users\gabri\OneDrive\Documentos\GitHub\FMIPS\FMIPS\src\WriteBuffer.vhd
# Compile Entity "WriteBuffer"
# Error: COMP96_0028: WriteBuffer.vhd : (7, 2): Identifier or keyword expected.
# Error: COMP96_0015: WriteBuffer.vhd : (7, 2): ';' expected.
# Error: COMP96_0019: WriteBuffer.vhd : (7, 3): Keyword 'end' expected.
# Error: COMP96_0016: WriteBuffer.vhd : (8, 1): Design unit declaration expected.
# Compile Architecture "WriteBuffer_Arc" of Entity "WriteBuffer"
# Error: COMP96_0056: WriteBuffer.vhd : (10, 1): Cannot find referenced entity declaration "WriteBuffer".
# Compile failure 5 Errors 0 Warnings  Analysis time :  0.5 [s]
# Waveform file 'untitled.awc' connected to 'C:/Users/gabri/OneDrive/Documentos/GitHub/FMIPS/FMIPS/src/MP_teste.asdb'.
