Active-HDL 10.5.217.6767 2019-06-29 18:33:28

Elaboration top modules:
Architecture                  MemoriaPrincipal_TB_arc(MemoriaPrincipal_TB)


---------------------------------------------------------------------------------------------------------------
Entity              | Architecture            | Library | Info | Compiler Version        | Compilation Options
---------------------------------------------------------------------------------------------------------------
MemoriaPrincipal_TB | MemoriaPrincipal_TB_arc | fmips   |      | 10.5.217.6767 (Windows) | -O3
MemoriaPrincipal    | behavioral              | fmips   |      | 10.5.217.6767 (Windows) | -O3
---------------------------------------------------------------------------------------------------------------

---------------------------------------------------------------------------------------------------------------
VHDL Package                                  | Library | Info | Compiler Version        | Compilation Options
---------------------------------------------------------------------------------------------------------------
standard                                      | std     |      |                         | <unavailable>
TEXTIO                                        | std     |      |                         | <unavailable>
std_logic_1164                                | ieee    |      |                         | <unavailable>
std_logic_arith                               | ieee    |      |                         | <unavailable>
STD_LOGIC_UNSIGNED                            | ieee    |      |                         | <unavailable>
STD_LOGIC_TEXTIO                              | ieee    |      |                         | <unavailable>
NUMERIC_STD                                   | ieee    |      |                         | <unavailable>
---------------------------------------------------------------------------------------------------------------

---------------------------------------------------------------------------------------------------------------
Library                                       | Comment
---------------------------------------------------------------------------------------------------------------
fmips                                         | None
ieee                                          | Standard IEEE packages library
std                                           | Standard VHDL library
---------------------------------------------------------------------------------------------------------------
